<?xml version="1.0" encoding="UTF-8"?>
<!-- Generated by org.testng.reporters.JUnitXMLReporter -->
<testsuite hostname="LAPTOP-SK834QD8" ignored="12" tests="0" failures="0" timestamp="07 Apr 2022 02:52:21 GMT" time="0.042" errors="0">
  <testcase name="test1" time="0.0" classname="testNG2.Anno2">
    <ignored/>
  </testcase> <!-- test1 -->
  <testcase name="test1" time="0.0" classname="testNG2.AllAnnotations">
    <ignored/>
  </testcase> <!-- test1 -->
  <testcase name="c" time="0.0" classname="testNG.Priority">
    <ignored/>
  </testcase> <!-- c -->
  <testcase name="test2" time="0.0" classname="testNG2.Anno2">
    <ignored/>
  </testcase> <!-- test2 -->
  <testcase name="D" time="0.0" classname="testNG.NewTest">
    <ignored/>
  </testcase> <!-- D -->
  <testcase name="c" time="0.0" classname="testNG.NewTest">
    <ignored/>
  </testcase> <!-- c -->
  <testcase name="login" time="0.0" classname="testNG.Priority">
    <ignored/>
  </testcase> <!-- login -->
  <testcase name="b" time="0.0" classname="testNG.NewTest">
    <ignored/>
  </testcase> <!-- b -->
  <testcase name="A" time="0.0" classname="testNG.NewTest">
    <ignored/>
  </testcase> <!-- A -->
  <testcase name="a" time="0.0" classname="testNG.NewTest">
    <ignored/>
  </testcase> <!-- a -->
  <testcase name="test2" time="0.0" classname="testNG2.AllAnnotations">
    <ignored/>
  </testcase> <!-- test2 -->
  <testcase name="dashboard" time="0.0" classname="testNG.Priority">
    <ignored/>
  </testcase> <!-- dashboard -->
</testsuite>
