<?xml version="1.0" encoding="UTF-8"?>
<!-- Generated by org.testng.reporters.JUnitXMLReporter -->
<testsuite hostname="LAPTOP-SK834QD8" ignored="16" name="Default test" tests="1" failures="0" timestamp="12 Apr 2022 17:30:04 GMT" time="4.921" errors="0">
  <testcase name="dashboardCourses" time="0.218" classname="HandsOnSe.LoginTest"/>
  <testcase name="userList" time="0.0" classname="HandsOnSe.LoginTest">
    <ignored/>
  </testcase> <!-- userList -->
  <testcase name="checkFooterText" time="0.0" classname="HandsOnSe.LoginTest">
    <ignored/>
  </testcase> <!-- checkFooterText -->
  <testcase name="check_LogOut_successfully" time="0.0" classname="HandsOnSe.LoginTest">
    <ignored/>
  </testcase> <!-- check_LogOut_successfully -->
  <testcase name="DashboardTitle" time="0.0" classname="HandsOnSe.LoginTest">
    <ignored/>
  </testcase> <!-- DashboardTitle -->
  <testcase name="checkHyperLink" time="0.0" classname="HandsOnSe.LoginTest">
    <ignored/>
  </testcase> <!-- checkHyperLink -->
  <testcase name="addUser" time="0.0" classname="HandsOnSe.LoginTest">
    <ignored/>
  </testcase> <!-- addUser -->
  <testcase name="dashboard_Sidebar_header" time="0.0" classname="HandsOnSe.LoginTest">
    <ignored/>
  </testcase> <!-- dashboard_Sidebar_header -->
  <testcase name="Delete_alert" time="0.0" classname="HandsOnSe.LoginTest">
    <ignored/>
  </testcase> <!-- Delete_alert -->
  <testcase name="usefullLinks" time="0.0" classname="HandsOnSe.LoginTest">
    <ignored/>
  </testcase> <!-- usefullLinks -->
  <testcase name="operatorList" time="0.0" classname="HandsOnSe.LoginTest">
    <ignored/>
  </testcase> <!-- operatorList -->
  <testcase name="download_BoxTitle" time="0.0" classname="HandsOnSe.LoginTest">
    <ignored/>
  </testcase> <!-- download_BoxTitle -->
  <testcase name="dashboardSubCourses" time="0.0" classname="HandsOnSe.LoginTest">
    <ignored/>
  </testcase> <!-- dashboardSubCourses -->
  <testcase name="userClick" time="0.0" classname="HandsOnSe.LoginTest">
    <ignored/>
  </testcase> <!-- userClick -->
  <testcase name="Downloads_Official_Webside" time="0.0" classname="HandsOnSe.LoginTest">
    <ignored/>
  </testcase> <!-- Downloads_Official_Webside -->
  <testcase name="operatorClick" time="0.0" classname="HandsOnSe.LoginTest">
    <ignored/>
  </testcase> <!-- operatorClick -->
  <testcase name="Dash_moreInfoLink" time="0.0" classname="HandsOnSe.LoginTest">
    <ignored/>
  </testcase> <!-- Dash_moreInfoLink -->
</testsuite> <!-- Default test -->
